Using pre-set license
Built from '2020.3/release' branch; Version is '2020.3.12f1 (b3b2c6512326) revision 11776710'; Using compiler version '192528614'; Build Type 'Release'
OS: 'Windows 10 Pro; OS build 19044.2130; Version 2009; 64bit' Language: 'es' Physical Memory: 15792 MB
BatchMode: 1, IsHumanControllingUs: 0, StartBugReporterOnCrash: 0, Is64bit: 1, IsPro: 0

 COMMAND LINE ARGUMENTS:
C:\Program Files\Unity\Hub\Editor\2020.3.12f1\Editor\Unity.exe
-adb2
-batchMode
-noUpm
-name
AssetImportWorker0
-projectPath
C:/Users/darkb/OneDrive/Documents/GitHub/3DP1
-logFile
Logs/AssetImportWorker0.log
-srvPort
51665
Successfully changed project path to: C:/Users/darkb/OneDrive/Documents/GitHub/3DP1
C:/Users/darkb/OneDrive/Documents/GitHub/3DP1
Using Asset Import Pipeline V2.
Refreshing native plugins compatible for Editor in 27.61 ms, found 2 plugins.
Preloading 0 native plugins for Editor in 0.00 ms.
Initialize engine version: 2020.3.12f1 (b3b2c6512326)
[Subsystems] Discovering subsystems at path C:/Program Files/Unity/Hub/Editor/2020.3.12f1/Editor/Data/Resources/UnitySubsystems
[Subsystems] Discovering subsystems at path C:/Users/darkb/OneDrive/Documents/GitHub/3DP1/Assets
GfxDevice: creating device client; threaded=0
Direct3D:
    Version:  Direct3D 11.0 [level 11.1]
    Renderer: NVIDIA GeForce RTX 3050 Laptop GPU (ID=0x25a5)
    Vendor:   
    VRAM:     3991 MB
    Driver:   30.0.15.1278
Initialize mono
Mono path[0] = 'C:/Program Files/Unity/Hub/Editor/2020.3.12f1/Editor/Data/Managed'
Mono path[1] = 'C:/Program Files/Unity/Hub/Editor/2020.3.12f1/Editor/Data/MonoBleedingEdge/lib/mono/unityjit'
Mono config path = 'C:/Program Files/Unity/Hub/Editor/2020.3.12f1/Editor/Data/MonoBleedingEdge/etc'
Using monoOptions --debugger-agent=transport=dt_socket,embedding=1,server=y,suspend=n,address=127.0.0.1:56656
Begin MonoManager ReloadAssembly
Registering precompiled unity dll's ...
Register platform support module: C:/Program Files/Unity/Hub/Editor/2020.3.12f1/Editor/Data/PlaybackEngines/WindowsStandaloneSupport/UnityEditor.WindowsStandalone.Extensions.dll
Registered in 0.001871 seconds.
Native extension for WindowsStandalone target not found
Refreshing native plugins compatible for Editor in 28.25 ms, found 2 plugins.
Preloading 0 native plugins for Editor in 0.00 ms.
Mono: successfully reloaded assembly
- Completed reload, in  0.931 seconds
Platform modules already initialized, skipping
Registering precompiled user dll's ...
Registered in 0.003883 seconds.
Begin MonoManager ReloadAssembly
Native extension for WindowsStandalone target not found
Refreshing native plugins compatible for Editor in 0.32 ms, found 2 plugins.
Preloading 0 native plugins for Editor in 0.00 ms.
Mono: successfully reloaded assembly
- Completed reload, in  0.880 seconds
Platform modules already initialized, skipping
========================================================================
Worker process is ready to serve import requests
Launched and connected shader compiler UnityShaderCompiler.exe after 0.05 seconds
Refreshing native plugins compatible for Editor in 0.33 ms, found 2 plugins.
Preloading 0 native plugins for Editor in 0.00 ms.
Unloading 1407 Unused Serialized files (Serialized files now loaded: 0)
System memory in use before: 166.1 MB.
System memory in use after: 166.1 MB.

Unloading 19 unused Assets to reduce memory usage. Loaded Objects now: 1861.
Total: 1.952000 ms (FindLiveObjects: 0.190800 ms CreateObjectMapping: 0.040000 ms MarkObjects: 1.619100 ms  DeleteObjects: 0.100500 ms)

AssetImportParameters requested are different than current active one (requested -> active):
  custom:framework-win-MediaFoundation: 216162199b28c13a410421893ffa2e32 -> 
  custom:video-decoder-ogg-theora: a1e56fd34408186e4bbccfd4996cb3dc -> 
  custom:container-muxer-webm: aa71ff27fc2769a1b78a27578f13a17b -> 
  custom:container-demuxer-webm: 4f35f7cbe854078d1ac9338744f61a02 -> 
  custom:container-demuxer-ogg: 62fdf1f143b41e24485cea50d1cbac27 -> 
  custom:video-encoder-webm-vp8: eb34c28f22e8b96e1ab97ce403110664 -> 
  custom:video-decoder-webm-vp8: 9c59270c3fd7afecdb556c50c9e8de78 -> 
  custom:audio-decoder-ogg-vorbis: bf7c407c2cedff20999df2af8eb42d56 -> 
  custom:audio-encoder-webm-vorbis: bf7c407c2cedff20999df2af8eb42d56 -> 
========================================================================
Received Import Request.
  path: Assets/Art
  artifactKey: Guid(dd3bbfc4bc3fab943ac5268860e35aca) Importer(815301076,1909f56bfc062723c751e8b465ee728b)
Start importing Assets/Art using Guid(dd3bbfc4bc3fab943ac5268860e35aca) Importer(815301076,1909f56bfc062723c751e8b465ee728b)  -> (artifact id: '0b1481905f7ccde858b2d122361889d5') in 0.008497 seconds 
  Import took 0.010726 seconds .

========================================================================
Received Import Request.
  Time since last request: 22.957497 seconds.
  path: Assets/Terrain
  artifactKey: Guid(dd3bbfc4bc3fab943ac5268860e35aca) Importer(815301076,1909f56bfc062723c751e8b465ee728b)
Start importing Assets/Terrain using Guid(dd3bbfc4bc3fab943ac5268860e35aca) Importer(815301076,1909f56bfc062723c751e8b465ee728b)  -> (artifact id: '427b3a790c05198eaaa8c995fa25be38') in 0.006878 seconds 
  Import took 0.009253 seconds .

========================================================================
Received Import Request.
  Time since last request: 47.658591 seconds.
  path: Assets/Terrain/Terrain
  artifactKey: Guid(bd8c7857aa77fe84689cd2c82df291d5) Importer(815301076,1909f56bfc062723c751e8b465ee728b)
Start importing Assets/Terrain/Terrain using Guid(bd8c7857aa77fe84689cd2c82df291d5) Importer(815301076,1909f56bfc062723c751e8b465ee728b)  -> (artifact id: '4a9ee919f17cf11d83b712e8472cbe3e') in 0.002689 seconds 
  Import took 0.005426 seconds .

========================================================================
Received Import Request.
  Time since last request: 0.000331 seconds.
  path: Assets/Terrain/Terrain
  artifactKey: Guid(bd8c7857aa77fe84689cd2c82df291d5) Importer(815301076,1909f56bfc062723c751e8b465ee728b)
Start importing Assets/Terrain/Terrain using Guid(bd8c7857aa77fe84689cd2c82df291d5) Importer(815301076,1909f56bfc062723c751e8b465ee728b)  -> (artifact id: '4a9ee919f17cf11d83b712e8472cbe3e') in 0.002404 seconds 
  Import took 0.004709 seconds .

========================================================================
Received Import Request.
  Time since last request: 0.038054 seconds.
  path: Assets/Terrain/Terrain/Terrain_0_0_67791540-1465-44bf-b18d-dc8664b1ea2b.asset
  artifactKey: Guid(1d849c181d3440149a74fbd22657fa8c) Importer(815301076,1909f56bfc062723c751e8b465ee728b)
Start importing Assets/Terrain/Terrain/Terrain_0_0_67791540-1465-44bf-b18d-dc8664b1ea2b.asset using Guid(1d849c181d3440149a74fbd22657fa8c) Importer(815301076,1909f56bfc062723c751e8b465ee728b)  -> (artifact id: '3144045762e17a31cb0f254eb23a3e75') in 0.110585 seconds 
  Import took 0.113184 seconds .

========================================================================
Received Prepare
Registering precompiled user dll's ...
Registered in 0.003848 seconds.
Begin MonoManager ReloadAssembly
Native extension for WindowsStandalone target not found
Refreshing native plugins compatible for Editor in 0.39 ms, found 2 plugins.
Preloading 0 native plugins for Editor in 0.00 ms.
Mono: successfully reloaded assembly
- Completed reload, in  0.898 seconds
Platform modules already initialized, skipping
Refreshing native plugins compatible for Editor in 0.38 ms, found 2 plugins.
Preloading 0 native plugins for Editor in 0.00 ms.
Unloading 1398 Unused Serialized files (Serialized files now loaded: 0)
System memory in use before: 165.6 MB.
System memory in use after: 165.7 MB.

Unloading 14 unused Assets to reduce memory usage. Loaded Objects now: 1866.
Total: 1.849700 ms (FindLiveObjects: 0.226000 ms CreateObjectMapping: 0.032800 ms MarkObjects: 1.517900 ms  DeleteObjects: 0.071200 ms)

AssetImportParameters requested are different than current active one (requested -> active):
  custom:framework-win-MediaFoundation: 216162199b28c13a410421893ffa2e32 -> 
  custom:video-decoder-ogg-theora: a1e56fd34408186e4bbccfd4996cb3dc -> 
  custom:container-muxer-webm: aa71ff27fc2769a1b78a27578f13a17b -> 
  custom:container-demuxer-webm: 4f35f7cbe854078d1ac9338744f61a02 -> 
  custom:container-demuxer-ogg: 62fdf1f143b41e24485cea50d1cbac27 -> 
  custom:video-encoder-webm-vp8: eb34c28f22e8b96e1ab97ce403110664 -> 
  custom:video-decoder-webm-vp8: 9c59270c3fd7afecdb556c50c9e8de78 -> 
  custom:audio-decoder-ogg-vorbis: bf7c407c2cedff20999df2af8eb42d56 -> 
  custom:audio-encoder-webm-vorbis: bf7c407c2cedff20999df2af8eb42d56 -> 
========================================================================
Received Import Request.
  Time since last request: 1201.790282 seconds.
  path: Assets/Code/FPPlayerController.cs
  artifactKey: Guid(b8c6f7b7b50465247a95062ba6175fd4) Importer(815301076,1909f56bfc062723c751e8b465ee728b)
Start importing Assets/Code/FPPlayerController.cs using Guid(b8c6f7b7b50465247a95062ba6175fd4) Importer(815301076,1909f56bfc062723c751e8b465ee728b)  -> (artifact id: '65cb25b3192bf3be4a1f240fee52d31d') in 0.018256 seconds 
  Import took 0.020688 seconds .

========================================================================
Received Import Request.
  Time since last request: 138.865761 seconds.
  path: Assets/Code/GameControllerData.cs
  artifactKey: Guid(9252a3aee0c1e874088b599cff6b9d11) Importer(815301076,1909f56bfc062723c751e8b465ee728b)
Start importing Assets/Code/GameControllerData.cs using Guid(9252a3aee0c1e874088b599cff6b9d11) Importer(815301076,1909f56bfc062723c751e8b465ee728b)  -> (artifact id: '291241a04b861d1e085cbdc33d978441') in 0.006923 seconds 
  Import took 0.009384 seconds .

========================================================================
Received Import Request.
  Time since last request: 0.000715 seconds.
  path: Assets/Code/GameControllerData.cs
  artifactKey: Guid(9252a3aee0c1e874088b599cff6b9d11) Importer(815301076,1909f56bfc062723c751e8b465ee728b)
Start importing Assets/Code/GameControllerData.cs using Guid(9252a3aee0c1e874088b599cff6b9d11) Importer(815301076,1909f56bfc062723c751e8b465ee728b)  -> (artifact id: '291241a04b861d1e085cbdc33d978441') in 0.002311 seconds 
  Import took 0.004546 seconds .

========================================================================
Received Prepare
Registering precompiled user dll's ...
Registered in 0.003616 seconds.
Begin MonoManager ReloadAssembly
Native extension for WindowsStandalone target not found
Refreshing native plugins compatible for Editor in 0.36 ms, found 2 plugins.
Preloading 0 native plugins for Editor in 0.00 ms.
Mono: successfully reloaded assembly
- Completed reload, in  0.890 seconds
Platform modules already initialized, skipping
Refreshing native plugins compatible for Editor in 0.33 ms, found 2 plugins.
Preloading 0 native plugins for Editor in 0.00 ms.
Unloading 1398 Unused Serialized files (Serialized files now loaded: 0)
System memory in use before: 165.7 MB.
System memory in use after: 165.7 MB.

Unloading 14 unused Assets to reduce memory usage. Loaded Objects now: 1869.
Total: 1.810300 ms (FindLiveObjects: 0.181000 ms CreateObjectMapping: 0.039200 ms MarkObjects: 1.510400 ms  DeleteObjects: 0.077900 ms)

AssetImportParameters requested are different than current active one (requested -> active):
  custom:framework-win-MediaFoundation: 216162199b28c13a410421893ffa2e32 -> 
  custom:video-decoder-ogg-theora: a1e56fd34408186e4bbccfd4996cb3dc -> 
  custom:container-muxer-webm: aa71ff27fc2769a1b78a27578f13a17b -> 
  custom:container-demuxer-webm: 4f35f7cbe854078d1ac9338744f61a02 -> 
  custom:container-demuxer-ogg: 62fdf1f143b41e24485cea50d1cbac27 -> 
  custom:video-encoder-webm-vp8: eb34c28f22e8b96e1ab97ce403110664 -> 
  custom:video-decoder-webm-vp8: 9c59270c3fd7afecdb556c50c9e8de78 -> 
  custom:audio-decoder-ogg-vorbis: bf7c407c2cedff20999df2af8eb42d56 -> 
  custom:audio-encoder-webm-vorbis: bf7c407c2cedff20999df2af8eb42d56 -> 
========================================================================
Received Import Request.
  Time since last request: 4928.288922 seconds.
  path: Assets/Code/DroneEnemy.cs
  artifactKey: Guid(8bc9ba8e92d008b48bee1676276ac88f) Importer(815301076,1909f56bfc062723c751e8b465ee728b)
Start importing Assets/Code/DroneEnemy.cs using Guid(8bc9ba8e92d008b48bee1676276ac88f) Importer(815301076,1909f56bfc062723c751e8b465ee728b)  -> (artifact id: '7459bb29738d9e76c34b105c8d2f5b09') in 0.007066 seconds 
  Import took 0.009256 seconds .

========================================================================
Received Import Request.
  Time since last request: 86.261836 seconds.
  path: ProjectSettings/TagManager.asset
  artifactKey: Guid(00000000000000003000000000000000) Importer(815301076,1909f56bfc062723c751e8b465ee728b)
Start importing ProjectSettings/TagManager.asset using Guid(00000000000000003000000000000000) Importer(815301076,1909f56bfc062723c751e8b465ee728b)  -> (artifact id: 'f8d4fea0b7337b50ff9785e94156e40b') in 0.035035 seconds 
  Import took 0.037290 seconds .

========================================================================
Received Import Request.
  Time since last request: 71.488895 seconds.
  path: Assets/Code/HitCollider.cs
  artifactKey: Guid(bac818780d776f74990b8f5587912d71) Importer(815301076,1909f56bfc062723c751e8b465ee728b)
Start importing Assets/Code/HitCollider.cs using Guid(bac818780d776f74990b8f5587912d71) Importer(815301076,1909f56bfc062723c751e8b465ee728b)  -> (artifact id: '3d4cfc3b26d68b12dbd0be245270f607') in 0.006486 seconds 
  Import took 0.009149 seconds .

========================================================================
Received Import Request.
  Time since last request: 0.000642 seconds.
  path: Assets/Code/HitCollider.cs
  artifactKey: Guid(bac818780d776f74990b8f5587912d71) Importer(815301076,1909f56bfc062723c751e8b465ee728b)
Start importing Assets/Code/HitCollider.cs using Guid(bac818780d776f74990b8f5587912d71) Importer(815301076,1909f56bfc062723c751e8b465ee728b)  -> (artifact id: '3d4cfc3b26d68b12dbd0be245270f607') in 0.002135 seconds 
  Import took 0.004537 seconds .

========================================================================
Received Import Request.
  Time since last request: 9.541711 seconds.
  path: Assets/Code/LifeItem.cs
  artifactKey: Guid(29538134b490e344f985a59acddc6170) Importer(815301076,1909f56bfc062723c751e8b465ee728b)
Start importing Assets/Code/LifeItem.cs using Guid(29538134b490e344f985a59acddc6170) Importer(815301076,1909f56bfc062723c751e8b465ee728b)  -> (artifact id: '7933e1b548b816e24f9c7a52bb8d2735') in 0.006123 seconds 
  Import took 0.008570 seconds .

========================================================================
Received Import Request.
  Time since last request: 0.000462 seconds.
  path: Assets/Code/LifeItem.cs
  artifactKey: Guid(29538134b490e344f985a59acddc6170) Importer(815301076,1909f56bfc062723c751e8b465ee728b)
Start importing Assets/Code/LifeItem.cs using Guid(29538134b490e344f985a59acddc6170) Importer(815301076,1909f56bfc062723c751e8b465ee728b)  -> (artifact id: '7933e1b548b816e24f9c7a52bb8d2735') in 0.002056 seconds 
  Import took 0.004287 seconds .

========================================================================
Received Import Request.
  Time since last request: 3.387809 seconds.
  path: Assets/Code/MainMenu.cs
  artifactKey: Guid(9793d27cd447b45479a373b2367af9f5) Importer(815301076,1909f56bfc062723c751e8b465ee728b)
Start importing Assets/Code/MainMenu.cs using Guid(9793d27cd447b45479a373b2367af9f5) Importer(815301076,1909f56bfc062723c751e8b465ee728b)  -> (artifact id: 'a1f1e9117b37c1805131e9c5604b5fe2') in 0.007162 seconds 
  Import took 0.009522 seconds .

========================================================================
Received Import Request.
  Time since last request: 0.000371 seconds.
  path: Assets/Code/MainMenu.cs
  artifactKey: Guid(9793d27cd447b45479a373b2367af9f5) Importer(815301076,1909f56bfc062723c751e8b465ee728b)
Start importing Assets/Code/MainMenu.cs using Guid(9793d27cd447b45479a373b2367af9f5) Importer(815301076,1909f56bfc062723c751e8b465ee728b)  -> (artifact id: 'a1f1e9117b37c1805131e9c5604b5fe2') in 0.002481 seconds 
  Import took 0.004672 seconds .

========================================================================
Received Import Request.
  Time since last request: 1.005154 seconds.
  path: Assets/Code/TCObjectPool.cs
  artifactKey: Guid(1324d14708c0d4941aaedcced0afd693) Importer(815301076,1909f56bfc062723c751e8b465ee728b)
Start importing Assets/Code/TCObjectPool.cs using Guid(1324d14708c0d4941aaedcced0afd693) Importer(815301076,1909f56bfc062723c751e8b465ee728b)  -> (artifact id: '3dd3791a1e9a383ba204a820c3cc0068') in 0.006489 seconds 
  Import took 0.009087 seconds .

========================================================================
Received Import Request.
  Time since last request: 0.002529 seconds.
  path: Assets/Code/TCObjectPool.cs
  artifactKey: Guid(1324d14708c0d4941aaedcced0afd693) Importer(815301076,1909f56bfc062723c751e8b465ee728b)
Start importing Assets/Code/TCObjectPool.cs using Guid(1324d14708c0d4941aaedcced0afd693) Importer(815301076,1909f56bfc062723c751e8b465ee728b)  -> (artifact id: '3dd3791a1e9a383ba204a820c3cc0068') in 0.002152 seconds 
  Import took 0.004714 seconds .

========================================================================
Received Import Request.
  Time since last request: 4.805491 seconds.
  path: Assets/Code/DestroyOnTime.cs
  artifactKey: Guid(9d48390ff780ba24585f25af43d08122) Importer(815301076,1909f56bfc062723c751e8b465ee728b)
Start importing Assets/Code/DestroyOnTime.cs using Guid(9d48390ff780ba24585f25af43d08122) Importer(815301076,1909f56bfc062723c751e8b465ee728b)  -> (artifact id: '403c2e14f917d45e1ba41e627c36efed') in 0.005727 seconds 
  Import took 0.007929 seconds .

========================================================================
Received Import Request.
  Time since last request: 0.002588 seconds.
  path: Assets/Code/DestroyOnTime.cs
  artifactKey: Guid(9d48390ff780ba24585f25af43d08122) Importer(815301076,1909f56bfc062723c751e8b465ee728b)
Start importing Assets/Code/DestroyOnTime.cs using Guid(9d48390ff780ba24585f25af43d08122) Importer(815301076,1909f56bfc062723c751e8b465ee728b)  -> (artifact id: '403c2e14f917d45e1ba41e627c36efed') in 0.002185 seconds 
  Import took 0.004324 seconds .

========================================================================
Received Import Request.
  Time since last request: 12.286869 seconds.
  path: Assets/Code/FPPlayerController.cs
  artifactKey: Guid(b8c6f7b7b50465247a95062ba6175fd4) Importer(815301076,1909f56bfc062723c751e8b465ee728b)
Start importing Assets/Code/FPPlayerController.cs using Guid(b8c6f7b7b50465247a95062ba6175fd4) Importer(815301076,1909f56bfc062723c751e8b465ee728b)  -> (artifact id: '5cedb18071fd513a7490650518171db6') in 0.005653 seconds 
  Import took 0.007860 seconds .

========================================================================
Received Import Request.
  Time since last request: 0.000886 seconds.
  path: Assets/Code/FPPlayerController.cs
  artifactKey: Guid(b8c6f7b7b50465247a95062ba6175fd4) Importer(815301076,1909f56bfc062723c751e8b465ee728b)
Start importing Assets/Code/FPPlayerController.cs using Guid(b8c6f7b7b50465247a95062ba6175fd4) Importer(815301076,1909f56bfc062723c751e8b465ee728b)  -> (artifact id: '5cedb18071fd513a7490650518171db6') in 0.002164 seconds 
  Import took 0.004326 seconds .

========================================================================
Received Import Request.
  Time since last request: 13.176040 seconds.
  path: Assets/Code/Level1Controller.cs
  artifactKey: Guid(a4fa6d5352fad084682eb416d96ec38c) Importer(815301076,1909f56bfc062723c751e8b465ee728b)
Start importing Assets/Code/Level1Controller.cs using Guid(a4fa6d5352fad084682eb416d96ec38c) Importer(815301076,1909f56bfc062723c751e8b465ee728b)  -> (artifact id: 'c70a3896a942608e3dceecb1b648ff94') in 0.005908 seconds 
  Import took 0.008333 seconds .

========================================================================
Received Import Request.
  Time since last request: 0.002142 seconds.
  path: Assets/Code/Level1Controller.cs
  artifactKey: Guid(a4fa6d5352fad084682eb416d96ec38c) Importer(815301076,1909f56bfc062723c751e8b465ee728b)
Start importing Assets/Code/Level1Controller.cs using Guid(a4fa6d5352fad084682eb416d96ec38c) Importer(815301076,1909f56bfc062723c751e8b465ee728b)  -> (artifact id: 'c70a3896a942608e3dceecb1b648ff94') in 0.002040 seconds 
  Import took 0.004553 seconds .

========================================================================
Received Import Request.
  Time since last request: 0.400200 seconds.
  path: Assets/Code/Level2Controller.cs
  artifactKey: Guid(df5183cdb7df1be429e4efaa6ce3dceb) Importer(815301076,1909f56bfc062723c751e8b465ee728b)
Start importing Assets/Code/Level2Controller.cs using Guid(df5183cdb7df1be429e4efaa6ce3dceb) Importer(815301076,1909f56bfc062723c751e8b465ee728b)  -> (artifact id: 'fcbe01d4578de295cea81b6b5d513952') in 0.005511 seconds 
  Import took 0.007908 seconds .

========================================================================
Received Import Request.
  Time since last request: 0.001033 seconds.
  path: Assets/Code/Level2Controller.cs
  artifactKey: Guid(df5183cdb7df1be429e4efaa6ce3dceb) Importer(815301076,1909f56bfc062723c751e8b465ee728b)
Start importing Assets/Code/Level2Controller.cs using Guid(df5183cdb7df1be429e4efaa6ce3dceb) Importer(815301076,1909f56bfc062723c751e8b465ee728b)  -> (artifact id: 'fcbe01d4578de295cea81b6b5d513952') in 0.002386 seconds 
  Import took 0.004683 seconds .

========================================================================
Received Import Request.
  Time since last request: 18.310941 seconds.
  path: Assets/Code/Trap.cs
  artifactKey: Guid(5313e3e24b450ca49a74fe3fdd74ce90) Importer(815301076,1909f56bfc062723c751e8b465ee728b)
Start importing Assets/Code/Trap.cs using Guid(5313e3e24b450ca49a74fe3fdd74ce90) Importer(815301076,1909f56bfc062723c751e8b465ee728b)  -> (artifact id: '407511e37da664b330005dbea09bb4de') in 0.005866 seconds 
  Import took 0.008189 seconds .

========================================================================
Received Prepare
Registering precompiled user dll's ...
Registered in 0.003472 seconds.
Begin MonoManager ReloadAssembly
Native extension for WindowsStandalone target not found
Refreshing native plugins compatible for Editor in 0.36 ms, found 2 plugins.
Preloading 0 native plugins for Editor in 0.00 ms.
Mono: successfully reloaded assembly
- Completed reload, in  0.856 seconds
Platform modules already initialized, skipping
Refreshing native plugins compatible for Editor in 0.33 ms, found 2 plugins.
Preloading 0 native plugins for Editor in 0.00 ms.
Unloading 1399 Unused Serialized files (Serialized files now loaded: 0)
System memory in use before: 165.7 MB.
System memory in use after: 165.8 MB.

Unloading 15 unused Assets to reduce memory usage. Loaded Objects now: 1873.
Total: 2.002200 ms (FindLiveObjects: 0.160000 ms CreateObjectMapping: 0.029300 ms MarkObjects: 1.725200 ms  DeleteObjects: 0.086000 ms)

AssetImportParameters requested are different than current active one (requested -> active):
  custom:framework-win-MediaFoundation: 216162199b28c13a410421893ffa2e32 -> 
  custom:video-decoder-ogg-theora: a1e56fd34408186e4bbccfd4996cb3dc -> 
  custom:container-muxer-webm: aa71ff27fc2769a1b78a27578f13a17b -> 
  custom:container-demuxer-webm: 4f35f7cbe854078d1ac9338744f61a02 -> 
  custom:container-demuxer-ogg: 62fdf1f143b41e24485cea50d1cbac27 -> 
  custom:video-encoder-webm-vp8: eb34c28f22e8b96e1ab97ce403110664 -> 
  custom:video-decoder-webm-vp8: 9c59270c3fd7afecdb556c50c9e8de78 -> 
  custom:audio-decoder-ogg-vorbis: bf7c407c2cedff20999df2af8eb42d56 -> 
  custom:audio-encoder-webm-vorbis: bf7c407c2cedff20999df2af8eb42d56 -> 
========================================================================
Received Prepare
Registering precompiled user dll's ...
Registered in 0.003847 seconds.
Begin MonoManager ReloadAssembly
Native extension for WindowsStandalone target not found
Refreshing native plugins compatible for Editor in 0.37 ms, found 2 plugins.
Preloading 0 native plugins for Editor in 0.00 ms.
Mono: successfully reloaded assembly
- Completed reload, in  0.828 seconds
Platform modules already initialized, skipping
Refreshing native plugins compatible for Editor in 0.39 ms, found 2 plugins.
Preloading 0 native plugins for Editor in 0.00 ms.
Unloading 1399 Unused Serialized files (Serialized files now loaded: 0)
System memory in use before: 165.7 MB.
System memory in use after: 165.8 MB.

Unloading 14 unused Assets to reduce memory usage. Loaded Objects now: 1876.
Total: 2.006600 ms (FindLiveObjects: 0.179600 ms CreateObjectMapping: 0.029800 ms MarkObjects: 1.725700 ms  DeleteObjects: 0.069500 ms)

AssetImportParameters requested are different than current active one (requested -> active):
  custom:framework-win-MediaFoundation: 216162199b28c13a410421893ffa2e32 -> 
  custom:video-decoder-ogg-theora: a1e56fd34408186e4bbccfd4996cb3dc -> 
  custom:container-muxer-webm: aa71ff27fc2769a1b78a27578f13a17b -> 
  custom:container-demuxer-webm: 4f35f7cbe854078d1ac9338744f61a02 -> 
  custom:container-demuxer-ogg: 62fdf1f143b41e24485cea50d1cbac27 -> 
  custom:video-encoder-webm-vp8: eb34c28f22e8b96e1ab97ce403110664 -> 
  custom:video-decoder-webm-vp8: 9c59270c3fd7afecdb556c50c9e8de78 -> 
  custom:audio-decoder-ogg-vorbis: bf7c407c2cedff20999df2af8eb42d56 -> 
  custom:audio-encoder-webm-vorbis: bf7c407c2cedff20999df2af8eb42d56 -> 
========================================================================
Received Import Request.
  Time since last request: 235.924180 seconds.
  path: Assets/Code/Trap.cs
  artifactKey: Guid(5313e3e24b450ca49a74fe3fdd74ce90) Importer(815301076,1909f56bfc062723c751e8b465ee728b)
Start importing Assets/Code/Trap.cs using Guid(5313e3e24b450ca49a74fe3fdd74ce90) Importer(815301076,1909f56bfc062723c751e8b465ee728b)  -> (artifact id: 'e80edae8b8c8e117a8dfeaffe2f975b0') in 0.004536 seconds 
  Import took 0.006813 seconds .

========================================================================
Received Import Request.
  Time since last request: 15.080349 seconds.
  path: Assets/Code/FPPlayerController.cs
  artifactKey: Guid(b8c6f7b7b50465247a95062ba6175fd4) Importer(815301076,1909f56bfc062723c751e8b465ee728b)
Start importing Assets/Code/FPPlayerController.cs using Guid(b8c6f7b7b50465247a95062ba6175fd4) Importer(815301076,1909f56bfc062723c751e8b465ee728b)  -> (artifact id: '97d2c1df7aacc27ab294a727cbc1219f') in 0.005288 seconds 
  Import took 0.007511 seconds .

========================================================================
Received Import Request.
  Time since last request: 0.025585 seconds.
  path: Assets/Code/FPPlayerController.cs
  artifactKey: Guid(b8c6f7b7b50465247a95062ba6175fd4) Importer(815301076,1909f56bfc062723c751e8b465ee728b)
Start importing Assets/Code/FPPlayerController.cs using Guid(b8c6f7b7b50465247a95062ba6175fd4) Importer(815301076,1909f56bfc062723c751e8b465ee728b)  -> (artifact id: '97d2c1df7aacc27ab294a727cbc1219f') in 0.002698 seconds 
  Import took 0.005061 seconds .

========================================================================
Received Prepare
Registering precompiled user dll's ...
Registered in 0.003643 seconds.
Begin MonoManager ReloadAssembly
Native extension for WindowsStandalone target not found
Refreshing native plugins compatible for Editor in 0.35 ms, found 2 plugins.
Preloading 0 native plugins for Editor in 0.00 ms.
Mono: successfully reloaded assembly
- Completed reload, in  0.834 seconds
Platform modules already initialized, skipping
Refreshing native plugins compatible for Editor in 0.34 ms, found 2 plugins.
Preloading 0 native plugins for Editor in 0.00 ms.
Unloading 1399 Unused Serialized files (Serialized files now loaded: 0)
System memory in use before: 165.7 MB.
System memory in use after: 165.8 MB.

Unloading 14 unused Assets to reduce memory usage. Loaded Objects now: 1879.
Total: 2.097200 ms (FindLiveObjects: 0.172500 ms CreateObjectMapping: 0.031700 ms MarkObjects: 1.816000 ms  DeleteObjects: 0.075000 ms)

AssetImportParameters requested are different than current active one (requested -> active):
  custom:framework-win-MediaFoundation: 216162199b28c13a410421893ffa2e32 -> 
  custom:video-decoder-ogg-theora: a1e56fd34408186e4bbccfd4996cb3dc -> 
  custom:container-muxer-webm: aa71ff27fc2769a1b78a27578f13a17b -> 
  custom:container-demuxer-webm: 4f35f7cbe854078d1ac9338744f61a02 -> 
  custom:container-demuxer-ogg: 62fdf1f143b41e24485cea50d1cbac27 -> 
  custom:video-encoder-webm-vp8: eb34c28f22e8b96e1ab97ce403110664 -> 
  custom:video-decoder-webm-vp8: 9c59270c3fd7afecdb556c50c9e8de78 -> 
  custom:audio-decoder-ogg-vorbis: bf7c407c2cedff20999df2af8eb42d56 -> 
  custom:audio-encoder-webm-vorbis: bf7c407c2cedff20999df2af8eb42d56 -> 
========================================================================
Received Import Request.
  Time since last request: 42.505423 seconds.
  path: Assets/Code/FPPlayerController.cs
  artifactKey: Guid(b8c6f7b7b50465247a95062ba6175fd4) Importer(815301076,1909f56bfc062723c751e8b465ee728b)
Start importing Assets/Code/FPPlayerController.cs using Guid(b8c6f7b7b50465247a95062ba6175fd4) Importer(815301076,1909f56bfc062723c751e8b465ee728b)  -> (artifact id: 'dea2e883c2090081a9610a37e3fd7301') in 0.007183 seconds 
  Import took 0.009683 seconds .

========================================================================
Received Import Request.
  Time since last request: 1.270043 seconds.
  path: Assets/Code/FPPlayerController.cs
  artifactKey: Guid(b8c6f7b7b50465247a95062ba6175fd4) Importer(815301076,1909f56bfc062723c751e8b465ee728b)
Start importing Assets/Code/FPPlayerController.cs using Guid(b8c6f7b7b50465247a95062ba6175fd4) Importer(815301076,1909f56bfc062723c751e8b465ee728b)  -> (artifact id: 'dea2e883c2090081a9610a37e3fd7301') in 0.001962 seconds 
  Import took 0.004437 seconds .

========================================================================
Received Prepare
Registering precompiled user dll's ...
Registered in 0.003628 seconds.
Begin MonoManager ReloadAssembly
Native extension for WindowsStandalone target not found
Refreshing native plugins compatible for Editor in 0.34 ms, found 2 plugins.
Preloading 0 native plugins for Editor in 0.00 ms.
Mono: successfully reloaded assembly
- Completed reload, in  0.822 seconds
Platform modules already initialized, skipping
Refreshing native plugins compatible for Editor in 0.34 ms, found 2 plugins.
Preloading 0 native plugins for Editor in 0.00 ms.
Unloading 1399 Unused Serialized files (Serialized files now loaded: 0)
System memory in use before: 165.7 MB.
System memory in use after: 165.8 MB.

Unloading 14 unused Assets to reduce memory usage. Loaded Objects now: 1882.
Total: 2.117100 ms (FindLiveObjects: 0.161000 ms CreateObjectMapping: 0.028300 ms MarkObjects: 1.843300 ms  DeleteObjects: 0.083000 ms)

AssetImportParameters requested are different than current active one (requested -> active):
  custom:framework-win-MediaFoundation: 216162199b28c13a410421893ffa2e32 -> 
  custom:video-decoder-ogg-theora: a1e56fd34408186e4bbccfd4996cb3dc -> 
  custom:container-muxer-webm: aa71ff27fc2769a1b78a27578f13a17b -> 
  custom:container-demuxer-webm: 4f35f7cbe854078d1ac9338744f61a02 -> 
  custom:container-demuxer-ogg: 62fdf1f143b41e24485cea50d1cbac27 -> 
  custom:video-encoder-webm-vp8: eb34c28f22e8b96e1ab97ce403110664 -> 
  custom:video-decoder-webm-vp8: 9c59270c3fd7afecdb556c50c9e8de78 -> 
  custom:audio-decoder-ogg-vorbis: bf7c407c2cedff20999df2af8eb42d56 -> 
  custom:audio-encoder-webm-vorbis: bf7c407c2cedff20999df2af8eb42d56 -> 
========================================================================
Received Import Request.
  Time since last request: 30.344167 seconds.
  path: Assets/Code/FPPlayerController.cs
  artifactKey: Guid(b8c6f7b7b50465247a95062ba6175fd4) Importer(815301076,1909f56bfc062723c751e8b465ee728b)
Start importing Assets/Code/FPPlayerController.cs using Guid(b8c6f7b7b50465247a95062ba6175fd4) Importer(815301076,1909f56bfc062723c751e8b465ee728b)  -> (artifact id: '145d6e2af1b92908ae111c0699f92074') in 0.007680 seconds 
  Import took 0.010058 seconds .

========================================================================
Received Import Request.
  Time since last request: 1.375301 seconds.
  path: Assets/Code/FPPlayerController.cs
  artifactKey: Guid(b8c6f7b7b50465247a95062ba6175fd4) Importer(815301076,1909f56bfc062723c751e8b465ee728b)
Start importing Assets/Code/FPPlayerController.cs using Guid(b8c6f7b7b50465247a95062ba6175fd4) Importer(815301076,1909f56bfc062723c751e8b465ee728b)  -> (artifact id: '145d6e2af1b92908ae111c0699f92074') in 0.002470 seconds 
  Import took 0.004667 seconds .

========================================================================
Received Prepare
Registering precompiled user dll's ...
Registered in 0.003528 seconds.
Begin MonoManager ReloadAssembly
Native extension for WindowsStandalone target not found
Refreshing native plugins compatible for Editor in 0.41 ms, found 2 plugins.
Preloading 0 native plugins for Editor in 0.00 ms.
Mono: successfully reloaded assembly
- Completed reload, in  0.824 seconds
Platform modules already initialized, skipping
Refreshing native plugins compatible for Editor in 0.33 ms, found 2 plugins.
Preloading 0 native plugins for Editor in 0.00 ms.
Unloading 1399 Unused Serialized files (Serialized files now loaded: 0)
System memory in use before: 165.7 MB.
System memory in use after: 165.8 MB.

Unloading 14 unused Assets to reduce memory usage. Loaded Objects now: 1885.
Total: 2.624100 ms (FindLiveObjects: 0.251000 ms CreateObjectMapping: 0.044700 ms MarkObjects: 2.253200 ms  DeleteObjects: 0.073500 ms)

AssetImportParameters requested are different than current active one (requested -> active):
  custom:framework-win-MediaFoundation: 216162199b28c13a410421893ffa2e32 -> 
  custom:video-decoder-ogg-theora: a1e56fd34408186e4bbccfd4996cb3dc -> 
  custom:container-muxer-webm: aa71ff27fc2769a1b78a27578f13a17b -> 
  custom:container-demuxer-webm: 4f35f7cbe854078d1ac9338744f61a02 -> 
  custom:container-demuxer-ogg: 62fdf1f143b41e24485cea50d1cbac27 -> 
  custom:video-encoder-webm-vp8: eb34c28f22e8b96e1ab97ce403110664 -> 
  custom:video-decoder-webm-vp8: 9c59270c3fd7afecdb556c50c9e8de78 -> 
  custom:audio-decoder-ogg-vorbis: bf7c407c2cedff20999df2af8eb42d56 -> 
  custom:audio-encoder-webm-vorbis: bf7c407c2cedff20999df2af8eb42d56 -> 
========================================================================
Received Prepare
Registering precompiled user dll's ...
Registered in 0.004214 seconds.
Begin MonoManager ReloadAssembly
Native extension for WindowsStandalone target not found
Refreshing native plugins compatible for Editor in 0.36 ms, found 2 plugins.
Preloading 0 native plugins for Editor in 0.00 ms.
Mono: successfully reloaded assembly
- Completed reload, in  0.809 seconds
Platform modules already initialized, skipping
Refreshing native plugins compatible for Editor in 0.36 ms, found 2 plugins.
Preloading 0 native plugins for Editor in 0.00 ms.
Unloading 1399 Unused Serialized files (Serialized files now loaded: 0)
System memory in use before: 165.8 MB.
System memory in use after: 165.8 MB.

Unloading 14 unused Assets to reduce memory usage. Loaded Objects now: 1888.
Total: 2.331600 ms (FindLiveObjects: 0.161100 ms CreateObjectMapping: 0.028900 ms MarkObjects: 2.057900 ms  DeleteObjects: 0.082000 ms)

AssetImportParameters requested are different than current active one (requested -> active):
  custom:framework-win-MediaFoundation: 216162199b28c13a410421893ffa2e32 -> 
  custom:video-decoder-ogg-theora: a1e56fd34408186e4bbccfd4996cb3dc -> 
  custom:container-muxer-webm: aa71ff27fc2769a1b78a27578f13a17b -> 
  custom:container-demuxer-webm: 4f35f7cbe854078d1ac9338744f61a02 -> 
  custom:container-demuxer-ogg: 62fdf1f143b41e24485cea50d1cbac27 -> 
  custom:video-encoder-webm-vp8: eb34c28f22e8b96e1ab97ce403110664 -> 
  custom:video-decoder-webm-vp8: 9c59270c3fd7afecdb556c50c9e8de78 -> 
  custom:audio-decoder-ogg-vorbis: bf7c407c2cedff20999df2af8eb42d56 -> 
  custom:audio-encoder-webm-vorbis: bf7c407c2cedff20999df2af8eb42d56 -> 
========================================================================
Received Prepare
Registering precompiled user dll's ...
Registered in 0.003653 seconds.
Begin MonoManager ReloadAssembly
Native extension for WindowsStandalone target not found
Refreshing native plugins compatible for Editor in 0.34 ms, found 2 plugins.
Preloading 0 native plugins for Editor in 0.00 ms.
Mono: successfully reloaded assembly
- Completed reload, in  0.823 seconds
Platform modules already initialized, skipping
Refreshing native plugins compatible for Editor in 0.34 ms, found 2 plugins.
Preloading 0 native plugins for Editor in 0.00 ms.
Unloading 1399 Unused Serialized files (Serialized files now loaded: 0)
System memory in use before: 165.8 MB.
System memory in use after: 165.8 MB.

Unloading 14 unused Assets to reduce memory usage. Loaded Objects now: 1891.
Total: 1.932700 ms (FindLiveObjects: 0.210600 ms CreateObjectMapping: 0.039300 ms MarkObjects: 1.604800 ms  DeleteObjects: 0.076200 ms)

AssetImportParameters requested are different than current active one (requested -> active):
  custom:framework-win-MediaFoundation: 216162199b28c13a410421893ffa2e32 -> 
  custom:video-decoder-ogg-theora: a1e56fd34408186e4bbccfd4996cb3dc -> 
  custom:container-muxer-webm: aa71ff27fc2769a1b78a27578f13a17b -> 
  custom:container-demuxer-webm: 4f35f7cbe854078d1ac9338744f61a02 -> 
  custom:container-demuxer-ogg: 62fdf1f143b41e24485cea50d1cbac27 -> 
  custom:video-encoder-webm-vp8: eb34c28f22e8b96e1ab97ce403110664 -> 
  custom:video-decoder-webm-vp8: 9c59270c3fd7afecdb556c50c9e8de78 -> 
  custom:audio-decoder-ogg-vorbis: bf7c407c2cedff20999df2af8eb42d56 -> 
  custom:audio-encoder-webm-vorbis: bf7c407c2cedff20999df2af8eb42d56 -> 
========================================================================
Received Prepare
Registering precompiled user dll's ...
Registered in 0.003806 seconds.
Begin MonoManager ReloadAssembly
Native extension for WindowsStandalone target not found
Refreshing native plugins compatible for Editor in 0.33 ms, found 2 plugins.
Preloading 0 native plugins for Editor in 0.00 ms.
Mono: successfully reloaded assembly
- Completed reload, in  0.803 seconds
Platform modules already initialized, skipping
Refreshing native plugins compatible for Editor in 0.34 ms, found 2 plugins.
Preloading 0 native plugins for Editor in 0.00 ms.
Unloading 1399 Unused Serialized files (Serialized files now loaded: 0)
System memory in use before: 165.8 MB.
System memory in use after: 165.8 MB.

Unloading 14 unused Assets to reduce memory usage. Loaded Objects now: 1894.
Total: 2.110100 ms (FindLiveObjects: 0.178000 ms CreateObjectMapping: 0.042300 ms MarkObjects: 1.818100 ms  DeleteObjects: 0.070500 ms)

AssetImportParameters requested are different than current active one (requested -> active):
  custom:framework-win-MediaFoundation: 216162199b28c13a410421893ffa2e32 -> 
  custom:video-decoder-ogg-theora: a1e56fd34408186e4bbccfd4996cb3dc -> 
  custom:container-muxer-webm: aa71ff27fc2769a1b78a27578f13a17b -> 
  custom:container-demuxer-webm: 4f35f7cbe854078d1ac9338744f61a02 -> 
  custom:container-demuxer-ogg: 62fdf1f143b41e24485cea50d1cbac27 -> 
  custom:video-encoder-webm-vp8: eb34c28f22e8b96e1ab97ce403110664 -> 
  custom:video-decoder-webm-vp8: 9c59270c3fd7afecdb556c50c9e8de78 -> 
  custom:audio-decoder-ogg-vorbis: bf7c407c2cedff20999df2af8eb42d56 -> 
  custom:audio-encoder-webm-vorbis: bf7c407c2cedff20999df2af8eb42d56 -> 
AssetImportWorkerClient::OnTransportError - code=2 error=End of file
